[Thu, 12 Jul 2012 05:05:06 GMT] INFO Server starting with config: {
  "environment": "development",
  "workers": 1,
  "port": 4000,
  "debug": true,
  "rotateWorkers": false,
  "rotationWindow": 7200000,
  "rotationTimeout": 300000,
  "logDir": "/home/tmitic/Node-JS-Playground/todo_app/log",
  "gracefulShutdownTimeout": 30000,
  "heartbeatInterval": 5000,
  "heartbeatWindow": 20000,
  "staticFilePath": "/home/tmitic/Node-JS-Playground/todo_app/public",
  "sessions": {
    "store": "memory",
    "key": "sid",
    "expiry": 1209600
  },
  "cookieSessionKey": "sdata",
  "metrics": null,
  "i18n": {
    "defaultLocale": "en-us",
    "loadPaths": [
      "/home/tmitic/Node-JS-Playground/todo_app/config/locales"
    ]
  },
  "ssl": null,
  "model": {
    "useTimestamps": false,
    "forceCamel": true
  },
  "detailedErrors": true,
  "hostname": null
}
[Thu, 12 Jul 2012 05:05:06 GMT] INFO Creating 1 worker process.
[Thu, 12 Jul 2012 05:06:01 GMT] INFO Creating 1 worker process.
[Thu, 12 Jul 2012 05:06:01 GMT] INFO Server worker running in development on port 4000 with a PID of: 23309
[Thu, 12 Jul 2012 05:06:01 GMT] DEBUG LOGGING STARTED ============================================
[Thu, 12 Jul 2012 05:06:01 GMT] DEBUG ============================================================
