[Sun, 15 Jul 2012 01:10:55 GMT] INFO Server starting with config: {
  "environment": "development",
  "workers": 1,
  "port": 4000,
  "debug": true,
  "rotateWorkers": false,
  "rotationWindow": 7200000,
  "rotationTimeout": 300000,
  "logDir": "/home/tmitic/Node-JS-Playground/todo_app/log",
  "gracefulShutdownTimeout": 30000,
  "heartbeatInterval": 5000,
  "heartbeatWindow": 20000,
  "staticFilePath": "/home/tmitic/Node-JS-Playground/todo_app/public",
  "sessions": {
    "store": "memory",
    "key": "sid",
    "expiry": 1209600
  },
  "cookieSessionKey": "sdata",
  "metrics": null,
  "i18n": {
    "defaultLocale": "en-us",
    "loadPaths": [
      "/home/tmitic/Node-JS-Playground/todo_app/config/locales"
    ]
  },
  "ssl": null,
  "model": {
    "useTimestamps": false,
    "forceCamel": true
  },
  "detailedErrors": true,
  "hostname": null
}
[Sun, 15 Jul 2012 01:10:55 GMT] INFO Creating 1 worker process.
[Sun, 15 Jul 2012 01:10:55 GMT] INFO Server worker running in development on port 4000 with a PID of: 3398
[Sun, 15 Jul 2012 01:10:55 GMT] DEBUG LOGGING STARTED ============================================
[Sun, 15 Jul 2012 01:10:55 GMT] DEBUG ============================================================
[Sun, 15 Jul 2012 01:11:40 GMT] INFO Creating 1 worker process.
[Sun, 15 Jul 2012 01:11:40 GMT] INFO Server worker running in development on port 4000 with a PID of: 3432
[Sun, 15 Jul 2012 01:11:40 GMT] DEBUG LOGGING STARTED ============================================
[Sun, 15 Jul 2012 01:11:40 GMT] DEBUG ============================================================
[Sun, 15 Jul 2012 01:11:50 GMT] INFO Creating 1 worker process.
[Sun, 15 Jul 2012 01:11:50 GMT] INFO Server worker running in development on port 4000 with a PID of: 3442
[Sun, 15 Jul 2012 01:11:50 GMT] DEBUG LOGGING STARTED ============================================
[Sun, 15 Jul 2012 01:11:50 GMT] DEBUG ============================================================
